<?xml version="1.0" encoding="UTF-8"?>
<!-- Generated by org.testng.reporters.JUnitXMLReporter -->
<testsuite ignored="0" hostname="DESKTOP-F84M1HR" failures="0" tests="4" name="Test" time="41.732" errors="0" timestamp="2024-04-27T18:05:47 EDT">
  <testcase classname="com.Regression.TestRunWithTestNGLogin2" name="getLogin" time="41.61"/>
  <testcase classname="com.Regression.TestRunWithTestNGPayment2" name="getPayment" time="0.004"/>
  <testcase classname="com.Regression.TestRunWithTestNGProduct2" name="getProduct" time="0.007"/>
  <testcase classname="com.Smoke.TestRunWithTestNGFunctionalTest2" name="getFunction" time="0.002"/>
</testsuite> <!-- Test -->
