<?xml version="1.0" encoding="UTF-8"?>
<testng-results ignored="0" total="1" passed="1" failed="0" skipped="0">
  <reporter-output>
  </reporter-output>
  <suite started-at="2024-04-25T10:57:48 EDT" name="Default suite" finished-at="2024-04-25T10:58:32 EDT" duration-ms="43855">
    <groups>
    </groups>
    <test started-at="2024-04-25T10:57:48 EDT" name="Default test" finished-at="2024-04-25T10:58:32 EDT" duration-ms="43855">
      <class name="com.Regression.TestRunWithTestNG">
        <test-method signature="getLogin()[pri:0, instance:com.Regression.TestRunWithTestNG@4d5d943d]" started-at="2024-04-25T10:57:48 EDT" name="getLogin" finished-at="2024-04-25T10:58:32 EDT" duration-ms="43745" status="PASS">
          <reporter-output>
          </reporter-output>
        </test-method> <!-- getLogin -->
      </class> <!-- com.Regression.TestRunWithTestNG -->
    </test> <!-- Default test -->
  </suite> <!-- Default suite -->
</testng-results>
